<?xml version="1.0" encoding="UTF-8"?>
<testsuite xmlns:xsi="http://www.w3.org/2001/XMLSchema-instance" xsi:noNamespaceSchemaLocation="https://maven.apache.org/surefire/maven-surefire-plugin/xsd/surefire-test-report-3.0.xsd" version="3.0" name="TestSuite" time="30.658" tests="2" errors="0" skipped="0" failures="2">
  <properties>
[...]
</properties>
  <testcase name="runScenario" classname="runner.AllRunner" time="3.796">
    <failure message="no such element: Unable to locate element: {&quot;method&quot;:&quot;css selector&quot;,&quot;selector&quot;:&quot;#email&quot;}&#10;  (Session info: chrome=91.0.4472.106)&#10;For documentation on this error, please visit: http://seleniumhq.org/exceptions/no_such_element.html&#10;Build info: version: &apos;3.13.0&apos;, revision: &apos;2f0d292&apos;, time: &apos;2018-06-25T15:24:21.231Z&apos;&#10;System info: host: &apos;L1123.local&apos;, ip: &apos;fe80:0:0:0:1496:b607:27f6:e93b%en0&apos;, os.name: &apos;Mac OS X&apos;, os.arch: &apos;x86_64&apos;, os.version: &apos;10.15.7&apos;, java.version: &apos;1.8.0_275&apos;&#10;Driver info: org.openqa.selenium.chrome.ChromeDriver&#10;Capabilities {acceptInsecureCerts: false, browserName: chrome, browserVersion: 91.0.4472.106, chrome: {chromedriverVersion: 91.0.4472.101 (af52a90bf870..., userDataDir: /var/folders/cq/kq1r5w9s3l1...}, goog:chromeOptions: {debuggerAddress: localhost:60365}, javascriptEnabled: true, networkConnectionEnabled: false, pageLoadStrategy: normal, platform: MAC, platformName: MAC, proxy: Proxy(), setWindowRect: true, strictFileInteractability: false, timeouts: {implicit: 0, pageLoad: 300000, script: 30000}, unhandledPromptBehavior: dismiss and notify, webauthn:extension:largeBlob: true, webauthn:virtualAuthenticators: true}&#10;Session ID: 59d249c43fe8eaccaa507157a5956092&#10;*** Element info: {Using=id, value=email}" type="org.openqa.selenium.NoSuchElementException">org.openqa.selenium.NoSuchElementException: 
no such element: Unable to locate element: {"method":"css selector","selector":"#email"}
  (Session info: chrome=91.0.4472.106)
For documentation on this error, please visit: http://seleniumhq.org/exceptions/no_such_element.html
Build info: version: '3.13.0', revision: '2f0d292', time: '2018-06-25T15:24:21.231Z'
System info: host: 'L1123.local', ip: 'fe80:0:0:0:1496:b607:27f6:e93b%en0', os.name: 'Mac OS X', os.arch: 'x86_64', os.version: '10.15.7', java.version: '1.8.0_275'
Driver info: org.openqa.selenium.chrome.ChromeDriver
Capabilities {acceptInsecureCerts: false, browserName: chrome, browserVersion: 91.0.4472.106, chrome: {chromedriverVersion: 91.0.4472.101 (af52a90bf870..., userDataDir: /var/folders/cq/kq1r5w9s3l1...}, goog:chromeOptions: {debuggerAddress: localhost:60365}, javascriptEnabled: true, networkConnectionEnabled: false, pageLoadStrategy: normal, platform: MAC, platformName: MAC, proxy: Proxy(), setWindowRect: true, strictFileInteractability: false, timeouts: {implicit: 0, pageLoad: 300000, script: 30000}, unhandledPromptBehavior: dismiss and notify, webauthn:extension:largeBlob: true, webauthn:virtualAuthenticators: true}
Session ID: 59d249c43fe8eaccaa507157a5956092
*** Element info: {Using=id, value=email}
</failure>
    <system-out><![CDATA[Feature: Assignment1

  Background:                                     # src/test/java/FeatureFiles/Assignment1.feature:3
    Given Open Url "https://www.facebook.com/"    # PreconditionSteps.openUrl(String)
    Given verify that facebook homepage is opened # HomePageSteps.verifyThatFacebookHomepageIsOpened()

  @WebScenarios
  Scenario: Test Login                                                              # src/test/java/FeatureFiles/Assignment1.feature:8
    When user enter username as "pnishant036@yahoo.com" and password as "Test@0036" # HomePageSteps.userEnterUsernameAsAndPasswordAs(String,String)
      org.openqa.selenium.NoSuchElementException: no such element: Unable to locate element: {"method":"css selector","selector":"#email"}
  (Session info: chrome=91.0.4472.106)
For documentation on this error, please visit: http://seleniumhq.org/exceptions/no_such_element.html
Build info: version: '3.13.0', revision: '2f0d292', time: '2018-06-25T15:24:21.231Z'
System info: host: 'L1123.local', ip: 'fe80:0:0:0:1496:b607:27f6:e93b%en0', os.name: 'Mac OS X', os.arch: 'x86_64', os.version: '10.15.7', java.version: '1.8.0_275'
Driver info: org.openqa.selenium.chrome.ChromeDriver
Capabilities {acceptInsecureCerts: false, browserName: chrome, browserVersion: 91.0.4472.106, chrome: {chromedriverVersion: 91.0.4472.101 (af52a90bf870..., userDataDir: /var/folders/cq/kq1r5w9s3l1...}, goog:chromeOptions: {debuggerAddress: localhost:60365}, javascriptEnabled: true, networkConnectionEnabled: false, pageLoadStrategy: normal, platform: MAC, platformName: MAC, proxy: Proxy(), setWindowRect: true, strictFileInteractability: false, timeouts: {implicit: 0, pageLoad: 300000, script: 30000}, unhandledPromptBehavior: dismiss and notify, webauthn:extension:largeBlob: true, webauthn:virtualAuthenticators: true}
Session ID: 59d249c43fe8eaccaa507157a5956092
*** Element info: {Using=id, value=email}
	at sun.reflect.NativeConstructorAccessorImpl.newInstance0(Native Method)
	at sun.reflect.NativeConstructorAccessorImpl.newInstance(NativeConstructorAccessorImpl.java:62)
	at sun.reflect.DelegatingConstructorAccessorImpl.newInstance(DelegatingConstructorAccessorImpl.java:45)
	at java.lang.reflect.Constructor.newInstance(Constructor.java:423)
	at org.openqa.selenium.remote.http.W3CHttpResponseCodec.createException(W3CHttpResponseCodec.java:187)
	at org.openqa.selenium.remote.http.W3CHttpResponseCodec.decode(W3CHttpResponseCodec.java:122)
	at org.openqa.selenium.remote.http.W3CHttpResponseCodec.decode(W3CHttpResponseCodec.java:49)
	at org.openqa.selenium.remote.HttpCommandExecutor.execute(HttpCommandExecutor.java:158)
	at org.openqa.selenium.remote.service.DriverCommandExecutor.execute(DriverCommandExecutor.java:83)
	at org.openqa.selenium.remote.RemoteWebDriver.execute(RemoteWebDriver.java:548)
	at org.openqa.selenium.remote.RemoteWebDriver.findElement(RemoteWebDriver.java:322)
	at org.openqa.selenium.remote.RemoteWebDriver.findElementById(RemoteWebDriver.java:368)
	at org.openqa.selenium.By$ById.findElement(By.java:188)
	at org.openqa.selenium.remote.RemoteWebDriver.findElement(RemoteWebDriver.java:314)
	at org.openqa.selenium.support.pagefactory.DefaultElementLocator.findElement(DefaultElementLocator.java:69)
	at org.openqa.selenium.support.pagefactory.internal.LocatingElementHandler.invoke(LocatingElementHandler.java:38)
	at com.sun.proxy.$Proxy16.sendKeys(Unknown Source)
	at com.walletHub.Pages.Assignment1.HomePage.enterUsername(HomePage.java:28)
	at stepFiles.Assignment1.HomePageSteps.userEnterUsernameAsAndPasswordAs(HomePageSteps.java:21)
	at ?.user enter username as "pnishant036@yahoo.com" and password as "Test@0036"(src/test/java/FeatureFiles/Assignment1.feature:9)

    When user click on facebook login button                                        # HomePageSteps.userClickOnFacebookLoginButton()
    When Open Url "https://www.facebook.com/"                                       # PreconditionSteps.openUrl(String)
    When user do post as "Hello world"                                              # NewsFeedSteps.userDoPostAs(String)
]]></system-out>
    <system-err><![CDATA[SLF4J: Failed to load class "org.slf4j.impl.StaticLoggerBinder".
SLF4J: Defaulting to no-operation (NOP) logger implementation
SLF4J: See http://www.slf4j.org/codes.html#StaticLoggerBinder for further details.
Starting ChromeDriver 91.0.4472.101 (af52a90bf87030dd1523486a1cd3ae25c5d76c9b-refs/branch-heads/4472@{#1462}) on port 34805
Only local connections are allowed.
Please see https://chromedriver.chromium.org/security-considerations for suggestions on keeping ChromeDriver safe.
[1624342457.665][WARNING]: FromSockAddr failed on netmask
ChromeDriver was started successfully.
[1624342457.880][WARNING]: Deprecated chrome option is ignored: useAutomationExtension
[1624342457.880][WARNING]: Deprecated chrome option is ignored: useAutomationExtension
Jun 22, 2021 11:44:18 AM org.openqa.selenium.remote.ProtocolHandshake createSession
INFO: Detected dialect: W3C
]]></system-err>
  </testcase>
  <testcase name="runScenario" classname="runner.AllRunner" time="23.99">
    <failure message="Index: 3, Size: 0" type="java.lang.IndexOutOfBoundsException">java.lang.IndexOutOfBoundsException: Index: 3, Size: 0
</failure>
    <system-out><![CDATA[
Feature: Assignment2

  Background:                                                                       # src/test/java/FeatureFiles/Assignment2.feature:3
    Given Open Url "https://wallethub.com/profile/test-insurance-company-13732055i" # PreconditionSteps.openUrl(String)
    Given verify that homepage is opened                                            # HomePageSteps.verifyThatHomepageIsOpened()

  @WebScenarios
  Scenario: Test Login                                                                                                                                                          # src/test/java/FeatureFiles/Assignment2.feature:8
    When user click on login button                                                                                                                                             # HomePageSteps.userClickOnLoginButton()
    Then verify that login page open                                                                                                                                            # LoginPageSteps.verifyThatLoginPageOpen()
    When user enter username as "pnishant036@yahoo.com" and "Test@0036"                                                                                                         # LoginPageSteps.userEnterUsernameAsAnd(String,String)
    When Open Url "https://wallethub.com/profile/test-insurance-company-13732055i"                                                                                              # PreconditionSteps.openUrl(String)
    When user hover on <4> star                                                                                                                                                 # DashboardSteps.userHoverOnStar(int)
      java.lang.IndexOutOfBoundsException: Index: 3, Size: 0
	at java.util.ArrayList.rangeCheck(ArrayList.java:659)
	at java.util.ArrayList.get(ArrayList.java:435)
	at sun.reflect.NativeMethodAccessorImpl.invoke0(Native Method)
	at sun.reflect.NativeMethodAccessorImpl.invoke(NativeMethodAccessorImpl.java:62)
	at sun.reflect.DelegatingMethodAccessorImpl.invoke(DelegatingMethodAccessorImpl.java:43)
	at java.lang.reflect.Method.invoke(Method.java:498)
	at org.openqa.selenium.support.pagefactory.internal.LocatingElementListHandler.invoke(LocatingElementListHandler.java:39)
	at com.sun.proxy.$Proxy18.get(Unknown Source)
	at com.walletHub.Pages.Assignment2.DashboardPage.hoverOnStar(DashboardPage.java:55)
	at stepFiles.Assignment2.DashboardSteps.userHoverOnStar(DashboardSteps.java:32)
	at ?.user hover on <4> star(src/test/java/FeatureFiles/Assignment2.feature:13)

    Then verify that first <4> stars inside get lit up when you hover over on <4> one star                                                                                      # DashboardSteps.verifyThatFirstStarsInsideGetLitUpWhenYouHoverOverOnOneStar(int,int)
    When user give <4> star review                                                                                                                                              # DashboardSteps.userGiveReview(int)
    Then verify that <4> star review displayed on write review form                                                                                                             # DashboardSteps.verifyThatStarReviewDisplayedOnWriteReviewForm(int)
    When user select health insurance from drop down "Health Insurance" on review form                                                                                          # DashboardSteps.userSelectHealthInsuranceFromDropDownOnReviewForm(String)
    When user write review as "This is just a testing review I submitted to test the automation developed by me so please kindly ignore it, Also application is really awesome" # DashboardSteps.userWriteReviewAs(String)
    When user submit review form                                                                                                                                                # DashboardSteps.userSubmitReviewForm()
    When Open Url "https://wallethub.com/profile"                                                                                                                               # PreconditionSteps.openUrl(String)
    Then Verify reviewed star count as <4>                                                                                                                                      # ProfilePageSteps.verifyReviewedStarCountAs(int)
    Then Verify selected dropdownValue as "Health Insurance"                                                                                                                    # ProfilePageSteps.verifySelectedDropdownValueAs(String)
]]></system-out>
    <system-err><![CDATA[Starting ChromeDriver 91.0.4472.101 (af52a90bf87030dd1523486a1cd3ae25c5d76c9b-refs/branch-heads/4472@{#1462}) on port 15752
Only local connections are allowed.
Please see https://chromedriver.chromium.org/security-considerations for suggestions on keeping ChromeDriver safe.
[1624342461.645][WARNING]: FromSockAddr failed on netmask
ChromeDriver was started successfully.
[1624342461.685][WARNING]: Deprecated chrome option is ignored: useAutomationExtension
[1624342461.685][WARNING]: Deprecated chrome option is ignored: useAutomationExtension
Jun 22, 2021 11:44:23 AM org.openqa.selenium.remote.ProtocolHandshake createSession
INFO: Detected dialect: W3C
]]></system-err>
  </testcase>
</testsuite>