<?xml version="1.0" encoding="UTF-8"?>
<testng-results skipped="0" failed="2" total="2" passed="0">
  <reporter-output>
    <line>
      <![CDATA[<div "result">Open Url &quot;https:&#x2F;&#x2F;www.facebook.com&#x2F;&quot; (PASSED : 12s)</div>]]>
    </line>
    <line>
      <![CDATA[<div "result">verify that facebook homepage is opened (PASSED : 0s)</div>]]>
    </line>
    <line>
      <![CDATA[<div "result">user enter username as &quot;test@testmail.com&quot; and password as &quot;absd@123123&quot; (PASSED : 0s)</div>]]>
    </line>
    <line>
      <![CDATA[<div "result">user click on facebook login button (PASSED : 0s)</div>]]>
    </line>
    <line>
      <![CDATA[<div "result">Open Url &quot;https:&#x2F;&#x2F;www.facebook.com&#x2F;&quot; (PASSED : 14s)</div>]]>
    </line>
    <line>
      <![CDATA[<div "result">user do post as &quot;Hello world&quot; (FAILED : 10s)</div>]]>
    </line>
    <line>
      <![CDATA[<div "result">Open Url &quot;https:&#x2F;&#x2F;wallethub.com&#x2F;profile&#x2F;test-insurance-company-13732055i&quot; (PASSED : 15s)</div>]]>
    </line>
    <line>
      <![CDATA[<div "result">verify that homepage is opened (PASSED : 0s)</div>]]>
    </line>
    <line>
      <![CDATA[<div "result">user click on login button (PASSED : 4s)</div>]]>
    </line>
    <line>
      <![CDATA[<div "result">verify that login page open (PASSED : 0s)</div>]]>
    </line>
    <line>
      <![CDATA[<div "result">user enter username as &quot;test@testmail.com&quot; and &quot;abcd@123124&quot; (PASSED : 5s)</div>]]>
    </line>
    <line>
      <![CDATA[<div "result">Open Url &quot;https:&#x2F;&#x2F;wallethub.com&#x2F;profile&#x2F;test-insurance-company-13732055i&quot; (PASSED : 1s)</div>]]>
    </line>
    <line>
      <![CDATA[<div "result">user hover on &lt;4&gt; star (PASSED : 0s)</div>]]>
    </line>
    <line>
      <![CDATA[<div "result">verify that first &lt;4&gt; stars inside get lit up when you hover over on &lt;4&gt; one star (PASSED : 0s)</div>]]>
    </line>
    <line>
      <![CDATA[<div "result">user give &lt;4&gt; star review (PASSED : 0s)</div>]]>
    </line>
    <line>
      <![CDATA[<div "result">verify that &lt;4&gt; star review displayed on write review form (PASSED : 0s)</div>]]>
    </line>
    <line>
      <![CDATA[<div "result">user select health insurance from drop down &quot;Health Insurance&quot; on review form (PASSED : 0s)</div>]]>
    </line>
    <line>
      <![CDATA[<div "result">user write review as &quot;This is just a testing review I submitted to test the automation developed by me so please kindly ignore it, Also application is really awesome&quot; (PASSED : 0s)</div>]]>
    </line>
    <line>
      <![CDATA[<div "result">user submit review form (PASSED : 0s)</div>]]>
    </line>
    <line>
      <![CDATA[<div "result">Open Url &quot;https:&#x2F;&#x2F;wallethub.com&#x2F;profile&quot; (PASSED : 1s)</div>]]>
    </line>
    <line>
      <![CDATA[<div "result">Verify reviewed star count as &lt;4&gt; (FAILED : 0s)</div>]]>
    </line>
    <line>
      <![CDATA[<div "result">Verify selected dropdownValue as &quot;Health Insurance&quot; (SKIPPED)</div>]]>
    </line>
  </reporter-output>
  <suite name="BDD Test Suite" duration-ms="67066" started-at="2021-06-22T06:30:06Z" finished-at="2021-06-22T06:31:13Z">
    <groups>
      <group name="cucumber">
        <method signature="AbstractTestNGCucumberTests.runScenario(cucumber.api.testng.PickleEventWrapper, cucumber.api.testng.CucumberFeatureWrapper)[pri:0, instance:runner.AllRunner@548a9f61]" name="runScenario" class="cucumber.api.testng.AbstractTestNGCucumberTests"/>
      </group> <!-- cucumber -->
    </groups>
    <test name="WalletHub Test" duration-ms="67066" started-at="2021-06-22T06:30:06Z" finished-at="2021-06-22T06:31:13Z">
      <class name="runner.AllRunner">
        <test-method status="PASS" signature="setUpClass()[pri:0, instance:runner.AllRunner@548a9f61]" name="setUpClass" is-config="true" duration-ms="173" started-at="2021-06-22T12:00:06Z" finished-at="2021-06-22T12:00:06Z">
          <reporter-output>
          </reporter-output>
        </test-method> <!-- setUpClass -->
        <test-method status="FAIL" signature="runScenario(cucumber.api.testng.PickleEventWrapper, cucumber.api.testng.CucumberFeatureWrapper)[pri:0, instance:runner.AllRunner@548a9f61]" name="runScenario" duration-ms="37259" started-at="2021-06-22T12:00:06Z" description="Runs Cucumber Scenarios" data-provider="scenarios" finished-at="2021-06-22T12:00:43Z">
          <params>
            <param index="0">
              <value>
                <![CDATA["Test Login"]]>
              </value>
            </param>
            <param index="1">
              <value>
                <![CDATA["Assignment1"]]>
              </value>
            </param>
          </params>
          <exception class="org.openqa.selenium.ElementNotVisibleException">
            <message>
              <![CDATA[Proxy element for: DefaultElementLocator 'By.xpath: //span[contains(text(),'on your mind')]' is not visible
Build info: version: '3.13.0', revision: '2f0d292', time: '2018-06-25T15:24:21.231Z'
System info: host: 'L1123.local', ip: 'fe80:0:0:0:1496:b607:27f6:e93b%en0', os.name: 'Mac OS X', os.arch: 'x86_64', os.version: '10.15.7', java.version: '1.8.0_275'
Driver info: driver.version: unknown]]>
            </message>
            <full-stacktrace>
              <![CDATA[org.openqa.selenium.ElementNotVisibleException: Proxy element for: DefaultElementLocator 'By.xpath: //span[contains(text(),'on your mind')]' is not visible
Build info: version: '3.13.0', revision: '2f0d292', time: '2018-06-25T15:24:21.231Z'
System info: host: 'L1123.local', ip: 'fe80:0:0:0:1496:b607:27f6:e93b%en0', os.name: 'Mac OS X', os.arch: 'x86_64', os.version: '10.15.7', java.version: '1.8.0_275'
Driver info: driver.version: unknown
	at com.walletHub.Pages.Assignment1.NewsFeed.doPost(NewsFeed.java:37)
	at stepFiles.Assignment1.NewsFeedSteps.userDoPostAs(NewsFeedSteps.java:19)
	at ✽.user do post as "Hello world"(src/test/java/FeatureFiles/Assignment1.feature:12)
]]>
            </full-stacktrace>
          </exception> <!-- org.openqa.selenium.ElementNotVisibleException -->
          <reporter-output>
            <line>
              <![CDATA[<div "result">Open Url &quot;https:&#x2F;&#x2F;www.facebook.com&#x2F;&quot; (PASSED : 12s)</div>]]>
            </line>
            <line>
              <![CDATA[<div "result">verify that facebook homepage is opened (PASSED : 0s)</div>]]>
            </line>
            <line>
              <![CDATA[<div "result">user enter username as &quot;test@testmail.com&quot; and password as &quot;absd@123123&quot; (PASSED : 0s)</div>]]>
            </line>
            <line>
              <![CDATA[<div "result">user click on facebook login button (PASSED : 0s)</div>]]>
            </line>
            <line>
              <![CDATA[<div "result">Open Url &quot;https:&#x2F;&#x2F;www.facebook.com&#x2F;&quot; (PASSED : 14s)</div>]]>
            </line>
            <line>
              <![CDATA[<div "result">user do post as &quot;Hello world&quot; (FAILED : 10s)</div>]]>
            </line>
          </reporter-output>
        </test-method> <!-- runScenario -->
        <test-method status="PASS" signature="killDriver(org.testng.ITestResult)[pri:0, instance:runner.AllRunner@548a9f61]" name="killDriver" is-config="true" duration-ms="595" started-at="2021-06-22T12:00:43Z" finished-at="2021-06-22T12:00:44Z">
          <params>
            <param index="0">
              <value>
                <![CDATA[[TestResult name=runScenario status=FAILURE method=AbstractTestNGCucumberTests.runScenario(cucumber.api.testng.PickleEventWrapper, cucumber.api.testng.CucumberFeatureWrapper)[pri:0, instance:runner.AllRunner@548a9f61] output=<div "result">Open Url &quot;https:&#x2F;&#x2F;www.facebook.com&#x2F;&quot; (PASSED : 12s)</div>]]]>
              </value>
            </param>
          </params>
          <reporter-output>
          </reporter-output>
        </test-method> <!-- killDriver -->
        <test-method status="FAIL" signature="runScenario(cucumber.api.testng.PickleEventWrapper, cucumber.api.testng.CucumberFeatureWrapper)[pri:0, instance:runner.AllRunner@548a9f61]" name="runScenario" duration-ms="28374" started-at="2021-06-22T12:00:44Z" description="Runs Cucumber Scenarios" data-provider="scenarios" finished-at="2021-06-22T12:01:12Z">
          <params>
            <param index="0">
              <value>
                <![CDATA["Test Login"]]>
              </value>
            </param>
            <param index="1">
              <value>
                <![CDATA["Assignment2"]]>
              </value>
            </param>
          </params>
          <exception class="java.lang.AssertionError">
            <message>
              <![CDATA[Verification failed, Expected review count is 4 and actual review count is 0 expected [4] but found [0]]]>
            </message>
            <full-stacktrace>
              <![CDATA[java.lang.AssertionError: Verification failed, Expected review count is 4 and actual review count is 0 expected [4] but found [0]
	at org.testng.Assert.fail(Assert.java:94)
	at org.testng.Assert.failNotEquals(Assert.java:496)
	at org.testng.Assert.assertEquals(Assert.java:125)
	at org.testng.Assert.assertEquals(Assert.java:372)
	at stepFiles.Assignment2.ProfilePageSteps.verifyReviewedStarCountAs(ProfilePageSteps.java:23)
	at ✽.Verify reviewed star count as <4>(src/test/java/FeatureFiles/Assignment2.feature:21)
]]>
            </full-stacktrace>
          </exception> <!-- java.lang.AssertionError -->
          <reporter-output>
            <line>
              <![CDATA[<div "result">Open Url &quot;https:&#x2F;&#x2F;wallethub.com&#x2F;profile&#x2F;test-insurance-company-13732055i&quot; (PASSED : 15s)</div>]]>
            </line>
            <line>
              <![CDATA[<div "result">verify that homepage is opened (PASSED : 0s)</div>]]>
            </line>
            <line>
              <![CDATA[<div "result">user click on login button (PASSED : 4s)</div>]]>
            </line>
            <line>
              <![CDATA[<div "result">verify that login page open (PASSED : 0s)</div>]]>
            </line>
            <line>
              <![CDATA[<div "result">user enter username as &quot;test@testmail.com&quot; and &quot;abcd@123124&quot; (PASSED : 5s)</div>]]>
            </line>
            <line>
              <![CDATA[<div "result">Open Url &quot;https:&#x2F;&#x2F;wallethub.com&#x2F;profile&#x2F;test-insurance-company-13732055i&quot; (PASSED : 1s)</div>]]>
            </line>
            <line>
              <![CDATA[<div "result">user hover on &lt;4&gt; star (PASSED : 0s)</div>]]>
            </line>
            <line>
              <![CDATA[<div "result">verify that first &lt;4&gt; stars inside get lit up when you hover over on &lt;4&gt; one star (PASSED : 0s)</div>]]>
            </line>
            <line>
              <![CDATA[<div "result">user give &lt;4&gt; star review (PASSED : 0s)</div>]]>
            </line>
            <line>
              <![CDATA[<div "result">verify that &lt;4&gt; star review displayed on write review form (PASSED : 0s)</div>]]>
            </line>
            <line>
              <![CDATA[<div "result">user select health insurance from drop down &quot;Health Insurance&quot; on review form (PASSED : 0s)</div>]]>
            </line>
            <line>
              <![CDATA[<div "result">user write review as &quot;This is just a testing review I submitted to test the automation developed by me so please kindly ignore it, Also application is really awesome&quot; (PASSED : 0s)</div>]]>
            </line>
            <line>
              <![CDATA[<div "result">user submit review form (PASSED : 0s)</div>]]>
            </line>
            <line>
              <![CDATA[<div "result">Open Url &quot;https:&#x2F;&#x2F;wallethub.com&#x2F;profile&quot; (PASSED : 1s)</div>]]>
            </line>
            <line>
              <![CDATA[<div "result">Verify reviewed star count as &lt;4&gt; (FAILED : 0s)</div>]]>
            </line>
            <line>
              <![CDATA[<div "result">Verify selected dropdownValue as &quot;Health Insurance&quot; (SKIPPED)</div>]]>
            </line>
          </reporter-output>
        </test-method> <!-- runScenario -->
        <test-method status="PASS" signature="killDriver(org.testng.ITestResult)[pri:0, instance:runner.AllRunner@548a9f61]" name="killDriver" is-config="true" duration-ms="626" started-at="2021-06-22T12:01:12Z" finished-at="2021-06-22T12:01:13Z">
          <params>
            <param index="0">
              <value>
                <![CDATA[[TestResult name=runScenario status=FAILURE method=AbstractTestNGCucumberTests.runScenario(cucumber.api.testng.PickleEventWrapper, cucumber.api.testng.CucumberFeatureWrapper)[pri:0, instance:runner.AllRunner@548a9f61] output=<div "result">Open Url &quot;https:&#x2F;&#x2F;wallethub.com&#x2F;profile&#x2F;test-insurance-company-13732055i&quot; (PASSED : 15s)</div>]]]>
              </value>
            </param>
          </params>
          <reporter-output>
          </reporter-output>
        </test-method> <!-- killDriver -->
        <test-method status="PASS" signature="tearDownClass()[pri:0, instance:runner.AllRunner@548a9f61]" name="tearDownClass" is-config="true" duration-ms="8" started-at="2021-06-22T12:01:13Z" finished-at="2021-06-22T12:01:13Z">
          <reporter-output>
          </reporter-output>
        </test-method> <!-- tearDownClass -->
        <test-method status="PASS" signature="generateHTMLReports()[pri:0, instance:runner.AllRunner@548a9f61]" name="generateHTMLReports" is-config="true" duration-ms="964" started-at="2021-06-22T12:01:13Z" finished-at="2021-06-22T12:01:14Z">
          <reporter-output>
          </reporter-output>
        </test-method> <!-- generateHTMLReports -->
      </class> <!-- runner.AllRunner -->
    </test> <!-- WalletHub Test -->
  </suite> <!-- BDD Test Suite -->
</testng-results>
