<?xml version="1.0" encoding="UTF-8"?>
<testsuite xmlns:xsi="http://www.w3.org/2001/XMLSchema-instance" xsi:noNamespaceSchemaLocation="https://maven.apache.org/surefire/maven-surefire-plugin/xsd/surefire-test-report-3.0.xsd" version="3.0" name="TestSuite" time="68.224" tests="2" errors="0" skipped="0" failures="2">
  <properties>
[...]
</properties>
  <testcase name="runScenario" classname="runner.AllRunner" time="37.323">
    <failure message="Proxy element for: DefaultElementLocator &apos;By.xpath: //span[contains(text(),&apos;on your mind&apos;)]&apos; is not visible&#10;Build info: version: &apos;3.13.0&apos;, revision: &apos;2f0d292&apos;, time: &apos;2018-06-25T15:24:21.231Z&apos;&#10;System info: host: &apos;L1123.local&apos;, ip: &apos;fe80:0:0:0:1496:b607:27f6:e93b%en0&apos;, os.name: &apos;Mac OS X&apos;, os.arch: &apos;x86_64&apos;, os.version: &apos;10.15.7&apos;, java.version: &apos;1.8.0_275&apos;&#10;Driver info: driver.version: unknown" type="org.openqa.selenium.ElementNotVisibleException">org.openqa.selenium.ElementNotVisibleException: 
Proxy element for: DefaultElementLocator 'By.xpath: //span[contains(text(),'on your mind')]' is not visible
Build info: version: '3.13.0', revision: '2f0d292', time: '2018-06-25T15:24:21.231Z'
System info: host: 'L1123.local', ip: 'fe80:0:0:0:1496:b607:27f6:e93b%en0', os.name: 'Mac OS X', os.arch: 'x86_64', os.version: '10.15.7', java.version: '1.8.0_275'
Driver info: driver.version: unknown
</failure>
    <system-out><![CDATA[Feature: Assignment1

  Background:                                     # src/test/java/FeatureFiles/Assignment1.feature:3
    Given Open Url "https://www.facebook.com/"    # PreconditionSteps.openUrl(String)
    Given verify that facebook homepage is opened # HomePageSteps.verifyThatFacebookHomepageIsOpened()

  @WebScenarios
  Scenario: Test Login                                                            # src/test/java/FeatureFiles/Assignment1.feature:8
    When user enter username as "test@testmail.com" and password as "absd@123123" # HomePageSteps.userEnterUsernameAsAndPasswordAs(String,String)
    When user click on facebook login button                                      # HomePageSteps.userClickOnFacebookLoginButton()
    When Open Url "https://www.facebook.com/"                                     # PreconditionSteps.openUrl(String)
    When user do post as "Hello world"                                            # NewsFeedSteps.userDoPostAs(String)
      org.openqa.selenium.ElementNotVisibleException: Proxy element for: DefaultElementLocator 'By.xpath: //span[contains(text(),'on your mind')]' is not visible
Build info: version: '3.13.0', revision: '2f0d292', time: '2018-06-25T15:24:21.231Z'
System info: host: 'L1123.local', ip: 'fe80:0:0:0:1496:b607:27f6:e93b%en0', os.name: 'Mac OS X', os.arch: 'x86_64', os.version: '10.15.7', java.version: '1.8.0_275'
Driver info: driver.version: unknown
	at com.walletHub.Pages.Assignment1.NewsFeed.doPost(NewsFeed.java:37)
	at stepFiles.Assignment1.NewsFeedSteps.userDoPostAs(NewsFeedSteps.java:19)
	at ?.user do post as "Hello world"(src/test/java/FeatureFiles/Assignment1.feature:12)

]]></system-out>
    <system-err><![CDATA[SLF4J: Failed to load class "org.slf4j.impl.StaticLoggerBinder".
SLF4J: Defaulting to no-operation (NOP) logger implementation
SLF4J: See http://www.slf4j.org/codes.html#StaticLoggerBinder for further details.
Starting ChromeDriver 91.0.4472.101 (af52a90bf87030dd1523486a1cd3ae25c5d76c9b-refs/branch-heads/4472@{#1462}) on port 5691
Only local connections are allowed.
Please see https://chromedriver.chromium.org/security-considerations for suggestions on keeping ChromeDriver safe.
[1624343406.885][WARNING]: FromSockAddr failed on netmask
ChromeDriver was started successfully.
[1624343407.080][WARNING]: Deprecated chrome option is ignored: useAutomationExtension
[1624343407.080][WARNING]: Deprecated chrome option is ignored: useAutomationExtension
Jun 22, 2021 12:00:07 PM org.openqa.selenium.remote.ProtocolHandshake createSession
INFO: Detected dialect: W3C
org.openqa.selenium.TimeoutException: Expected condition failed: waiting for visibility of Proxy element for: DefaultElementLocator 'By.xpath: //span[contains(text(),'on your mind')]' (tried for 10 second(s) with 2 milliseconds interval)
	at org.openqa.selenium.support.ui.FluentWait.timeoutException(FluentWait.java:303)
	at org.openqa.selenium.support.ui.FluentWait.until(FluentWait.java:271)
	at com.walletHub.driverFactory.CommonDriverFactoryMethod.isElementAvailable(CommonDriverFactoryMethod.java:28)
	at com.walletHub.driverFactory.Web.DriverFactory.isElementAvailable(DriverFactory.java:25)
	at com.walletHub.Pages.Assignment1.NewsFeed.doPost(NewsFeed.java:26)
	at stepFiles.Assignment1.NewsFeedSteps.userDoPostAs(NewsFeedSteps.java:19)
	at sun.reflect.NativeMethodAccessorImpl.invoke0(Native Method)
	at sun.reflect.NativeMethodAccessorImpl.invoke(NativeMethodAccessorImpl.java:62)
	at sun.reflect.DelegatingMethodAccessorImpl.invoke(DelegatingMethodAccessorImpl.java:43)
	at java.lang.reflect.Method.invoke(Method.java:498)
	at cucumber.runtime.Utils$1.call(Utils.java:40)
	at cucumber.runtime.Timeout.timeout(Timeout.java:16)
	at cucumber.runtime.Utils.invoke(Utils.java:34)
	at cucumber.runtime.java.JavaStepDefinition.execute(JavaStepDefinition.java:37)
	at cucumber.runtime.StepDefinitionMatch.runStep(StepDefinitionMatch.java:40)
	at cucumber.api.TestStep.executeStep(TestStep.java:78)
	at cucumber.api.TestStep.run(TestStep.java:61)
	at cucumber.api.TestCase.run(TestCase.java:28)
	at cucumber.runner.Runner.runPickle(Runner.java:80)
	at cucumber.api.testng.TestNGCucumberRunner.runScenario(TestNGCucumberRunner.java:84)
	at cucumber.api.testng.AbstractTestNGCucumberTests.runScenario(AbstractTestNGCucumberTests.java:22)
	at sun.reflect.NativeMethodAccessorImpl.invoke0(Native Method)
	at sun.reflect.NativeMethodAccessorImpl.invoke(NativeMethodAccessorImpl.java:62)
	at sun.reflect.DelegatingMethodAccessorImpl.invoke(DelegatingMethodAccessorImpl.java:43)
	at java.lang.reflect.Method.invoke(Method.java:498)
	at org.testng.internal.MethodInvocationHelper.invokeMethod(MethodInvocationHelper.java:85)
	at org.testng.internal.Invoker.invokeMethod(Invoker.java:639)
	at org.testng.internal.Invoker.invokeTestMethod(Invoker.java:816)
	at org.testng.internal.Invoker.invokeTestMethods(Invoker.java:1124)
	at org.testng.internal.TestMethodWorker.invokeTestMethods(TestMethodWorker.java:125)
	at org.testng.internal.TestMethodWorker.run(TestMethodWorker.java:108)
	at org.testng.TestRunner.privateRun(TestRunner.java:774)
	at org.testng.TestRunner.run(TestRunner.java:624)
	at org.testng.SuiteRunner.runTest(SuiteRunner.java:359)
	at org.testng.SuiteRunner.access$000(SuiteRunner.java:39)
	at org.testng.SuiteRunner$SuiteWorker.run(SuiteRunner.java:393)
	at org.testng.internal.thread.ThreadUtil$2.call(ThreadUtil.java:64)
	at java.util.concurrent.FutureTask.run(FutureTask.java:266)
	at java.util.concurrent.ThreadPoolExecutor.runWorker(ThreadPoolExecutor.java:1149)
	at java.util.concurrent.ThreadPoolExecutor$Worker.run(ThreadPoolExecutor.java:624)
	at java.lang.Thread.run(Thread.java:748)
Caused by: org.openqa.selenium.NoSuchElementException: no such element: Unable to locate element: {"method":"xpath","selector":"//span[contains(text(),'on your mind')]"}
  (Session info: chrome=91.0.4472.106)
For documentation on this error, please visit: http://seleniumhq.org/exceptions/no_such_element.html
Build info: version: '3.13.0', revision: '2f0d292', time: '2018-06-25T15:24:21.231Z'
System info: host: 'L1123.local', ip: 'fe80:0:0:0:1496:b607:27f6:e93b%en0', os.name: 'Mac OS X', os.arch: 'x86_64', os.version: '10.15.7', java.version: '1.8.0_275'
Driver info: org.openqa.selenium.chrome.ChromeDriver
Capabilities {acceptInsecureCerts: false, browserName: chrome, browserVersion: 91.0.4472.106, chrome: {chromedriverVersion: 91.0.4472.101 (af52a90bf870..., userDataDir: /var/folders/cq/kq1r5w9s3l1...}, goog:chromeOptions: {debuggerAddress: localhost:61038}, javascriptEnabled: true, networkConnectionEnabled: false, pageLoadStrategy: normal, platform: MAC, platformName: MAC, proxy: Proxy(), setWindowRect: true, strictFileInteractability: false, timeouts: {implicit: 0, pageLoad: 300000, script: 30000}, unhandledPromptBehavior: dismiss and notify, webauthn:extension:largeBlob: true, webauthn:virtualAuthenticators: true}
Session ID: 2b8bd804958d00db7e3eda0b94cb2e87
*** Element info: {Using=xpath, value=//span[contains(text(),'on your mind')]}
	at sun.reflect.GeneratedConstructorAccessor10.newInstance(Unknown Source)
	at sun.reflect.DelegatingConstructorAccessorImpl.newInstance(DelegatingConstructorAccessorImpl.java:45)
	at java.lang.reflect.Constructor.newInstance(Constructor.java:423)
	at org.openqa.selenium.remote.http.W3CHttpResponseCodec.createException(W3CHttpResponseCodec.java:187)
	at org.openqa.selenium.remote.http.W3CHttpResponseCodec.decode(W3CHttpResponseCodec.java:122)
	at org.openqa.selenium.remote.http.W3CHttpResponseCodec.decode(W3CHttpResponseCodec.java:49)
	at org.openqa.selenium.remote.HttpCommandExecutor.execute(HttpCommandExecutor.java:158)
	at org.openqa.selenium.remote.service.DriverCommandExecutor.execute(DriverCommandExecutor.java:83)
	at org.openqa.selenium.remote.RemoteWebDriver.execute(RemoteWebDriver.java:548)
	at org.openqa.selenium.remote.RemoteWebDriver.findElement(RemoteWebDriver.java:322)
	at org.openqa.selenium.remote.RemoteWebDriver.findElementByXPath(RemoteWebDriver.java:424)
	at org.openqa.selenium.By$ByXPath.findElement(By.java:353)
	at org.openqa.selenium.remote.RemoteWebDriver.findElement(RemoteWebDriver.java:314)
	at org.openqa.selenium.support.pagefactory.DefaultElementLocator.findElement(DefaultElementLocator.java:69)
	at org.openqa.selenium.support.pagefactory.internal.LocatingElementHandler.invoke(LocatingElementHandler.java:38)
	at com.sun.proxy.$Proxy16.isDisplayed(Unknown Source)
	at org.openqa.selenium.support.ui.ExpectedConditions.elementIfVisible(ExpectedConditions.java:315)
	at org.openqa.selenium.support.ui.ExpectedConditions.access$100(ExpectedConditions.java:44)
	at org.openqa.selenium.support.ui.ExpectedConditions$10.apply(ExpectedConditions.java:301)
	at org.openqa.selenium.support.ui.ExpectedConditions$10.apply(ExpectedConditions.java:298)
	at org.openqa.selenium.support.ui.FluentWait.until(FluentWait.java:248)
	... 39 more
]]></system-err>
  </testcase>
  <testcase name="runScenario" classname="runner.AllRunner" time="28.375">
    <failure message="Verification failed, Expected review count is 4 and actual review count is 0 expected [4] but found [0]" type="java.lang.AssertionError">java.lang.AssertionError: Verification failed, Expected review count is 4 and actual review count is 0 expected [4] but found [0]
</failure>
    <system-out><![CDATA[
Feature: Assignment2

  Background:                                                                       # src/test/java/FeatureFiles/Assignment2.feature:3
    Given Open Url "https://wallethub.com/profile/test-insurance-company-13732055i" # PreconditionSteps.openUrl(String)
    Given verify that homepage is opened                                            # HomePageSteps.verifyThatHomepageIsOpened()

  @WebScenarios
  Scenario: Test Login                                                                                                                                                          # src/test/java/FeatureFiles/Assignment2.feature:8
    When user click on login button                                                                                                                                             # HomePageSteps.userClickOnLoginButton()
    Then verify that login page open                                                                                                                                            # LoginPageSteps.verifyThatLoginPageOpen()
    When user enter username as "test@testmail.com" and "abcd@123124"                                                                                                           # LoginPageSteps.userEnterUsernameAsAnd(String,String)
    When Open Url "https://wallethub.com/profile/test-insurance-company-13732055i"                                                                                              # PreconditionSteps.openUrl(String)
    When user hover on <4> star                                                                                                                                                 # DashboardSteps.userHoverOnStar(int)
    Then verify that first <4> stars inside get lit up when you hover over on <4> one star                                                                                      # DashboardSteps.verifyThatFirstStarsInsideGetLitUpWhenYouHoverOverOnOneStar(int,int)
    When user give <4> star review                                                                                                                                              # DashboardSteps.userGiveReview(int)
    Then verify that <4> star review displayed on write review form                                                                                                             # DashboardSteps.verifyThatStarReviewDisplayedOnWriteReviewForm(int)
    When user select health insurance from drop down "Health Insurance" on review form                                                                                          # DashboardSteps.userSelectHealthInsuranceFromDropDownOnReviewForm(String)
    When user write review as "This is just a testing review I submitted to test the automation developed by me so please kindly ignore it, Also application is really awesome" # DashboardSteps.userWriteReviewAs(String)
    When user submit review form                                                                                                                                                # DashboardSteps.userSubmitReviewForm()
    When Open Url "https://wallethub.com/profile"                                                                                                                               # PreconditionSteps.openUrl(String)
    Then Verify reviewed star count as <4>                                                                                                                                      # ProfilePageSteps.verifyReviewedStarCountAs(int)
      java.lang.AssertionError: Verification failed, Expected review count is 4 and actual review count is 0 expected [4] but found [0]
	at org.testng.Assert.fail(Assert.java:94)
	at org.testng.Assert.failNotEquals(Assert.java:496)
	at org.testng.Assert.assertEquals(Assert.java:125)
	at org.testng.Assert.assertEquals(Assert.java:372)
	at stepFiles.Assignment2.ProfilePageSteps.verifyReviewedStarCountAs(ProfilePageSteps.java:23)
	at ?.Verify reviewed star count as <4>(src/test/java/FeatureFiles/Assignment2.feature:21)

    Then Verify selected dropdownValue as "Health Insurance"                                                                                                                    # ProfilePageSteps.verifySelectedDropdownValueAs(String)
]]></system-out>
    <system-err><![CDATA[Starting ChromeDriver 91.0.4472.101 (af52a90bf87030dd1523486a1cd3ae25c5d76c9b-refs/branch-heads/4472@{#1462}) on port 41198
Only local connections are allowed.
Please see https://chromedriver.chromium.org/security-considerations for suggestions on keeping ChromeDriver safe.
[1624343444.415][WARNING]: FromSockAddr failed on netmask
ChromeDriver was started successfully.
[1624343444.455][WARNING]: Deprecated chrome option is ignored: useAutomationExtension
[1624343444.455][WARNING]: Deprecated chrome option is ignored: useAutomationExtension
Jun 22, 2021 12:00:45 PM org.openqa.selenium.remote.ProtocolHandshake createSession
INFO: Detected dialect: W3C
]]></system-err>
  </testcase>
</testsuite>