<?xml version="1.0" encoding="UTF-8"?>
<!-- Generated by org.testng.reporters.JUnitXMLReporter -->
<testsuite hostname="L1123.local" name="WalletHub Test" tests="2" failures="2" timestamp="22 Jun 2021 06:31:13 GMT" time="67.066" errors="0">
  <testcase name="runScenario" time="37.259" classname="runner.AllRunner">
    <failure type="org.openqa.selenium.ElementNotVisibleException" message="Proxy element for: DefaultElementLocator &amp;apos;By.xpath: //span[contains(text(),&amp;apos;on your mind&amp;apos;)]&amp;apos; is not visible
Build info: version: &amp;apos;3.13.0&amp;apos;, revision: &amp;apos;2f0d292&amp;apos;, time: &amp;apos;2018-06-25T15:24:21.231Z&amp;apos;
System info: host: &amp;apos;L1123.local&amp;apos;, ip: &amp;apos;fe80:0:0:0:1496:b607:27f6:e93b%en0&amp;apos;, os.name: &amp;apos;Mac OS X&amp;apos;, os.arch: &amp;apos;x86_64&amp;apos;, os.version: &amp;apos;10.15.7&amp;apos;, java.version: &amp;apos;1.8.0_275&amp;apos;
Driver info: driver.version: unknown">
      <![CDATA[org.openqa.selenium.ElementNotVisibleException: Proxy element for: DefaultElementLocator 'By.xpath: //span[contains(text(),'on your mind')]' is not visible
Build info: version: '3.13.0', revision: '2f0d292', time: '2018-06-25T15:24:21.231Z'
System info: host: 'L1123.local', ip: 'fe80:0:0:0:1496:b607:27f6:e93b%en0', os.name: 'Mac OS X', os.arch: 'x86_64', os.version: '10.15.7', java.version: '1.8.0_275'
Driver info: driver.version: unknown
	at com.walletHub.Pages.Assignment1.NewsFeed.doPost(NewsFeed.java:37)
	at stepFiles.Assignment1.NewsFeedSteps.userDoPostAs(NewsFeedSteps.java:19)
	at ✽.user do post as "Hello world"(src/test/java/FeatureFiles/Assignment1.feature:12)
]]>
    </failure>
  </testcase> <!-- runScenario -->
  <testcase name="runScenario" time="28.374" classname="runner.AllRunner">
    <failure type="java.lang.AssertionError" message="Verification failed, Expected review count is 4 and actual review count is 0 expected [4] but found [0]">
      <![CDATA[java.lang.AssertionError: Verification failed, Expected review count is 4 and actual review count is 0 expected [4] but found [0]
	at stepFiles.Assignment2.ProfilePageSteps.verifyReviewedStarCountAs(ProfilePageSteps.java:23)
	at ✽.Verify reviewed star count as <4>(src/test/java/FeatureFiles/Assignment2.feature:21)
... Removed 4 stack frames]]>
    </failure>
  </testcase> <!-- runScenario -->
</testsuite> <!-- WalletHub Test -->
